exec: oc project ansible-container-demo
Received rc: 0
stdout:
Already on project "ansible-container-demo" on server "https://s1.turingrd.com:8443".

stderr:

exec: oc get route/web-8080 -o json
Received rc: 1
stdout:

stderr:
Error from server (NotFound): routes "web-8080" not found

Create from template:
{
    "kind":"Route",
    "spec":{
        "to":{
            "kind":"Service",
            "name":"web"
        },
        "port":{
            "targetPort":"port-8080"
        }
    },
    "apiVersion":"v1",
    "metadata":{
        "labels":{
            "app":"ansible-container-demo",
            "service":"web"
        },
        "name":"web-8080"
    }
}
Received rc: 0
stdout:
route "web-8080" created

stderr:

exec: oc get route/web-8080 -o json
Received rc: 0
stdout:
{
    "apiVersion": "v1",
    "kind": "Route",
    "metadata": {
        "annotations": {
            "openshift.io/host.generated": "true"
        },
        "creationTimestamp": "2017-02-26T16:34:05Z",
        "labels": {
            "app": "ansible-container-demo",
            "service": "web"
        },
        "name": "web-8080",
        "namespace": "ansible-container-demo",
        "resourceVersion": "1325",
        "selfLink": "/oapi/v1/namespaces/ansible-container-demo/routes/web-8080",
        "uid": "63dc89bb-fc41-11e6-971c-a291570f94f1"
    },
    "spec": {
        "host": "web-8080-ansible-container-demo.router.default.svc.cluster.local",
        "port": {
            "targetPort": "port-8080"
        },
        "to": {
            "kind": "Service",
            "name": "web",
            "weight": 100
        },
        "wildcardPolicy": "None"
    },
    "status": {
        "ingress": null
    }
}

stderr:

exec: oc project ansible-container-demo
Received rc: 0
stdout:
Already on project "ansible-container-demo" on server "https://s1.turingrd.com:8443".

stderr:

exec: oc get route/web-8080 -o json
Received rc: 0
stdout:
{
    "apiVersion": "v1",
    "kind": "Route",
    "metadata": {
        "annotations": {
            "openshift.io/host.generated": "true"
        },
        "creationTimestamp": "2017-02-26T16:34:05Z",
        "labels": {
            "app": "ansible-container-demo",
            "service": "web"
        },
        "name": "web-8080",
        "namespace": "ansible-container-demo",
        "resourceVersion": "1325",
        "selfLink": "/oapi/v1/namespaces/ansible-container-demo/routes/web-8080",
        "uid": "63dc89bb-fc41-11e6-971c-a291570f94f1"
    },
    "spec": {
        "host": "web-8080-ansible-container-demo.router.default.svc.cluster.local",
        "port": {
            "targetPort": "port-8080"
        },
        "to": {
            "kind": "Service",
            "name": "web",
            "weight": 100
        },
        "wildcardPolicy": "None"
    },
    "status": {
        "ingress": null
    }
}

stderr:

Replace from template:
{
    "kind":"Route",
    "spec":{
        "to":{
            "kind":"Service",
            "name":"web"
        },
        "port":{
            "targetPort":"port-8080"
        }
    },
    "apiVersion":"v1",
    "metadata":{
        "labels":{
            "app":"ansible-container-demo",
            "service":"web"
        },
        "name":"web-8080"
    }
}
Received rc: 0
stdout:
route "web-8080" replaced

stderr:

exec: oc get route/web-8080 -o json
Received rc: 0
stdout:
{
    "apiVersion": "v1",
    "kind": "Route",
    "metadata": {
        "creationTimestamp": "2017-02-26T16:34:05Z",
        "labels": {
            "app": "ansible-container-demo",
            "service": "web"
        },
        "name": "web-8080",
        "namespace": "ansible-container-demo",
        "resourceVersion": "1435",
        "selfLink": "/oapi/v1/namespaces/ansible-container-demo/routes/web-8080",
        "uid": "63dc89bb-fc41-11e6-971c-a291570f94f1"
    },
    "spec": {
        "host": "web-8080-ansible-container-demo.router.default.svc.cluster.local",
        "port": {
            "targetPort": "port-8080"
        },
        "to": {
            "kind": "Service",
            "name": "web",
            "weight": 100
        },
        "wildcardPolicy": "None"
    },
    "status": {
        "ingress": null
    }
}

stderr:

exec: oc project ansible-container-demo
Received rc: 0
stdout:
Already on project "ansible-container-demo" on server "https://api.preview.openshift.com:443".

stderr:

exec: oc get route/web-8080 -o json
Received rc: 1
stdout:

stderr:
Error from server (NotFound): routes "web-8080" not found

Create from template:
{
    "kind":"Route",
    "spec":{
        "to":{
            "kind":"Service",
            "name":"web"
        },
        "port":{
            "targetPort":"port-8080"
        }
    },
    "apiVersion":"v1",
    "metadata":{
        "labels":{
            "app":"ansible-container-demo",
            "service":"web"
        },
        "name":"web-8080"
    }
}
Received rc: 0
stdout:
route "web-8080" created

stderr:

exec: oc get route/web-8080 -o json
Received rc: 0
stdout:
{
    "apiVersion": "v1",
    "kind": "Route",
    "metadata": {
        "annotations": {
            "openshift.io/host.generated": "true"
        },
        "creationTimestamp": "2017-02-26T16:44:28Z",
        "labels": {
            "app": "ansible-container-demo",
            "service": "web"
        },
        "name": "web-8080",
        "namespace": "ansible-container-demo",
        "resourceVersion": "922545349",
        "selfLink": "/oapi/v1/namespaces/ansible-container-demo/routes/web-8080",
        "uid": "d72c1306-fc42-11e6-ade6-0e63b9c1c48f"
    },
    "spec": {
        "host": "web-8080-ansible-container-demo.44fs.preview.openshiftapps.com",
        "port": {
            "targetPort": "port-8080"
        },
        "to": {
            "kind": "Service",
            "name": "web",
            "weight": 100
        },
        "wildcardPolicy": "None"
    },
    "status": {
        "ingress": [
            {
                "conditions": [
                    {
                        "lastTransitionTime": "2017-02-26T16:44:28Z",
                        "status": "True",
                        "type": "Admitted"
                    }
                ],
                "host": "web-8080-ansible-container-demo.44fs.preview.openshiftapps.com",
                "routerName": "router",
                "wildcardPolicy": "None"
            }
        ]
    }
}

stderr:

exec: oc project ansible-container-demo
Received rc: 0
stdout:
Already on project "ansible-container-demo" on server "https://api.preview.openshift.com:443".

stderr:

exec: oc get route/web-8080 -o json
Received rc: 1
stdout:

stderr:
Error from server (NotFound): routes "web-8080" not found

Create from template:
{
    "kind":"Route",
    "spec":{
        "to":{
            "kind":"Service",
            "name":"web"
        },
        "port":{
            "targetPort":"port-8080"
        }
    },
    "apiVersion":"v1",
    "metadata":{
        "labels":{
            "app":"ansible-container-demo",
            "service":"web"
        },
        "name":"web-8080"
    }
}
Received rc: 0
stdout:
route "web-8080" created

stderr:

exec: oc get route/web-8080 -o json
Received rc: 0
stdout:
{
    "apiVersion": "v1",
    "kind": "Route",
    "metadata": {
        "annotations": {
            "openshift.io/host.generated": "true"
        },
        "creationTimestamp": "2017-02-26T18:18:32Z",
        "labels": {
            "app": "ansible-container-demo",
            "service": "web"
        },
        "name": "web-8080",
        "namespace": "ansible-container-demo",
        "resourceVersion": "922830362",
        "selfLink": "/oapi/v1/namespaces/ansible-container-demo/routes/web-8080",
        "uid": "fafdb401-fc4f-11e6-a876-0ebeb1070c7f"
    },
    "spec": {
        "host": "web-8080-ansible-container-demo.44fs.preview.openshiftapps.com",
        "port": {
            "targetPort": "port-8080"
        },
        "to": {
            "kind": "Service",
            "name": "web",
            "weight": 100
        },
        "wildcardPolicy": "None"
    },
    "status": {
        "ingress": null
    }
}

stderr:

